<?xml version="1.0" encoding="UTF-8"?>
<robot generator="Robot 6.1.1 (Python 3.10.12 on linux)" generated="20231114 20:11:47.123" rpa="false" schemaversion="4">
<suite id="s1" name="Register" source="/home/kxelina/palautusrepositorio/viikko3/web-login/src/tests/register.robot">
<kw name="Open And Configure Browser" library="resource" type="SETUP">
<kw name="Evaluate" library="BuiltIn">
<var>${options}</var>
<arg>sys.modules['selenium.webdriver'].ChromeOptions()</arg>
<arg>sys</arg>
<doc>Evaluates the given expression in Python and returns the result.</doc>
<msg timestamp="20231114 20:11:47.223" level="INFO">${options} = &lt;selenium.webdriver.chrome.options.Options object at 0x7f53eff18be0&gt;</msg>
<status status="PASS" starttime="20231114 20:11:47.222" endtime="20231114 20:11:47.223"/>
</kw>
<kw name="Call Method" library="BuiltIn">
<arg>${options}</arg>
<arg>add_argument</arg>
<arg>--no-sandbox</arg>
<doc>Calls the named method of the given object with the provided arguments.</doc>
<status status="PASS" starttime="20231114 20:11:47.223" endtime="20231114 20:11:47.223"/>
</kw>
<kw name="Call Method" library="BuiltIn">
<arg>${options}</arg>
<arg>add_argument</arg>
<arg>--headless</arg>
<doc>Calls the named method of the given object with the provided arguments.</doc>
<status status="PASS" starttime="20231114 20:11:47.223" endtime="20231114 20:11:47.223"/>
</kw>
<kw name="Open Browser" library="SeleniumLibrary">
<arg>browser=chrome</arg>
<arg>options=${options}</arg>
<doc>Opens a new browser instance to the optional ``url``.</doc>
<msg timestamp="20231114 20:11:47.223" level="INFO">Opening browser 'chrome' to base url 'None'.</msg>
<status status="PASS" starttime="20231114 20:11:47.223" endtime="20231114 20:11:47.876"/>
</kw>
<kw name="Set Selenium Speed" library="SeleniumLibrary">
<arg>${DELAY}</arg>
<doc>Sets the delay that is waited after each Selenium command.</doc>
<status status="PASS" starttime="20231114 20:11:47.876" endtime="20231114 20:11:47.877"/>
</kw>
<status status="PASS" starttime="20231114 20:11:47.222" endtime="20231114 20:11:47.877"/>
</kw>
<test id="s1-t1" name="Register With Valid Username And Password" line="8">
<kw name="Register User And Go To Welcome Page" type="SETUP">
<kw name="Create User" library="AppLibrary">
<arg>kalle</arg>
<arg>kalle123</arg>
<status status="PASS" starttime="20231114 20:11:47.877" endtime="20231114 20:11:47.885"/>
</kw>
<kw name="Go To Register Page" library="resource">
<kw name="Go To" library="SeleniumLibrary">
<arg>${REGISTER_URL}</arg>
<doc>Navigates the current browser window to the provided ``url``.</doc>
<msg timestamp="20231114 20:11:47.885" level="INFO">Opening url 'http://localhost:5001/register'</msg>
<status status="PASS" starttime="20231114 20:11:47.885" endtime="20231114 20:11:47.914"/>
</kw>
<status status="PASS" starttime="20231114 20:11:47.885" endtime="20231114 20:11:47.914"/>
</kw>
<kw name="Register Page Should Be Open" library="resource">
<kw name="Title Should Be" library="SeleniumLibrary">
<arg>Register</arg>
<doc>Verifies that the current page title equals ``title``.</doc>
<msg timestamp="20231114 20:11:47.917" level="INFO">Page title is 'Register'.</msg>
<status status="PASS" starttime="20231114 20:11:47.915" endtime="20231114 20:11:47.917"/>
</kw>
<status status="PASS" starttime="20231114 20:11:47.914" endtime="20231114 20:11:47.917"/>
</kw>
<status status="PASS" starttime="20231114 20:11:47.877" endtime="20231114 20:11:47.917"/>
</kw>
<kw name="Set Username">
<arg>testi</arg>
<kw name="Input Text" library="SeleniumLibrary">
<arg>username</arg>
<arg>${username}</arg>
<doc>Types the given ``text`` into the text field identified by ``locator``.</doc>
<msg timestamp="20231114 20:11:47.918" level="INFO">Typing text 'testi' into text field 'username'.</msg>
<status status="PASS" starttime="20231114 20:11:47.918" endtime="20231114 20:11:47.970"/>
</kw>
<status status="PASS" starttime="20231114 20:11:47.918" endtime="20231114 20:11:47.970"/>
</kw>
<kw name="Set Password">
<arg>testi123</arg>
<kw name="Input Password" library="SeleniumLibrary">
<arg>password</arg>
<arg>${password}</arg>
<doc>Types the given password into the text field identified by ``locator``.</doc>
<msg timestamp="20231114 20:11:47.971" level="INFO">Typing password into text field 'password'.</msg>
<msg timestamp="20231114 20:11:47.989" level="INFO">Temporally setting log level to: NONE</msg>
<msg timestamp="20231114 20:11:48.009" level="INFO">Log level changed from NONE to INFO.</msg>
<status status="PASS" starttime="20231114 20:11:47.970" endtime="20231114 20:11:48.009"/>
</kw>
<status status="PASS" starttime="20231114 20:11:47.970" endtime="20231114 20:11:48.009"/>
</kw>
<kw name="Set Password Confirmation">
<arg>testi123</arg>
<kw name="Input Password" library="SeleniumLibrary">
<arg>password_confirmation</arg>
<arg>${password_confirmation}</arg>
<doc>Types the given password into the text field identified by ``locator``.</doc>
<msg timestamp="20231114 20:11:48.010" level="INFO">Typing password into text field 'password_confirmation'.</msg>
<msg timestamp="20231114 20:11:48.028" level="INFO">Temporally setting log level to: NONE</msg>
<msg timestamp="20231114 20:11:48.047" level="INFO">Log level changed from NONE to INFO.</msg>
<status status="PASS" starttime="20231114 20:11:48.010" endtime="20231114 20:11:48.047"/>
</kw>
<status status="PASS" starttime="20231114 20:11:48.009" endtime="20231114 20:11:48.048"/>
</kw>
<kw name="Submit Credentials">
<kw name="Click Button" library="SeleniumLibrary">
<arg>Register</arg>
<doc>Clicks the button identified by ``locator``.</doc>
<msg timestamp="20231114 20:11:48.048" level="INFO">Clicking button 'Register'.</msg>
<status status="PASS" starttime="20231114 20:11:48.048" endtime="20231114 20:11:48.087"/>
</kw>
<status status="PASS" starttime="20231114 20:11:48.048" endtime="20231114 20:11:48.087"/>
</kw>
<kw name="Register Should Succeed">
<kw name="Welcome Page Should Be Open" library="resource">
<kw name="Title Should Be" library="SeleniumLibrary">
<arg>Welcome to Ohtu Application!</arg>
<doc>Verifies that the current page title equals ``title``.</doc>
<msg timestamp="20231114 20:11:48.090" level="INFO">Page title is 'Welcome to Ohtu Application!'.</msg>
<status status="PASS" starttime="20231114 20:11:48.087" endtime="20231114 20:11:48.090"/>
</kw>
<status status="PASS" starttime="20231114 20:11:48.087" endtime="20231114 20:11:48.090"/>
</kw>
<status status="PASS" starttime="20231114 20:11:48.087" endtime="20231114 20:11:48.090"/>
</kw>
<status status="PASS" starttime="20231114 20:11:47.877" endtime="20231114 20:11:48.090"/>
</test>
<test id="s1-t2" name="Register With Too Short Username And Valid Password" line="15">
<kw name="Register User And Go To Welcome Page" type="SETUP">
<kw name="Create User" library="AppLibrary">
<arg>kalle</arg>
<arg>kalle123</arg>
<status status="PASS" starttime="20231114 20:11:48.091" endtime="20231114 20:11:48.097"/>
</kw>
<kw name="Go To Register Page" library="resource">
<kw name="Go To" library="SeleniumLibrary">
<arg>${REGISTER_URL}</arg>
<doc>Navigates the current browser window to the provided ``url``.</doc>
<msg timestamp="20231114 20:11:48.097" level="INFO">Opening url 'http://localhost:5001/register'</msg>
<status status="PASS" starttime="20231114 20:11:48.097" endtime="20231114 20:11:48.104"/>
</kw>
<status status="PASS" starttime="20231114 20:11:48.097" endtime="20231114 20:11:48.104"/>
</kw>
<kw name="Register Page Should Be Open" library="resource">
<kw name="Title Should Be" library="SeleniumLibrary">
<arg>Register</arg>
<doc>Verifies that the current page title equals ``title``.</doc>
<msg timestamp="20231114 20:11:48.107" level="INFO">Page title is 'Register'.</msg>
<status status="PASS" starttime="20231114 20:11:48.105" endtime="20231114 20:11:48.107"/>
</kw>
<status status="PASS" starttime="20231114 20:11:48.104" endtime="20231114 20:11:48.107"/>
</kw>
<status status="PASS" starttime="20231114 20:11:48.091" endtime="20231114 20:11:48.107"/>
</kw>
<kw name="Set Username">
<arg>te</arg>
<kw name="Input Text" library="SeleniumLibrary">
<arg>username</arg>
<arg>${username}</arg>
<doc>Types the given ``text`` into the text field identified by ``locator``.</doc>
<msg timestamp="20231114 20:11:48.108" level="INFO">Typing text 'te' into text field 'username'.</msg>
<status status="PASS" starttime="20231114 20:11:48.108" endtime="20231114 20:11:48.142"/>
</kw>
<status status="PASS" starttime="20231114 20:11:48.107" endtime="20231114 20:11:48.142"/>
</kw>
<kw name="Set Password">
<arg>testi123</arg>
<kw name="Input Password" library="SeleniumLibrary">
<arg>password</arg>
<arg>${password}</arg>
<doc>Types the given password into the text field identified by ``locator``.</doc>
<msg timestamp="20231114 20:11:48.142" level="INFO">Typing password into text field 'password'.</msg>
<msg timestamp="20231114 20:11:48.159" level="INFO">Temporally setting log level to: NONE</msg>
<msg timestamp="20231114 20:11:48.178" level="INFO">Log level changed from NONE to INFO.</msg>
<status status="PASS" starttime="20231114 20:11:48.142" endtime="20231114 20:11:48.178"/>
</kw>
<status status="PASS" starttime="20231114 20:11:48.142" endtime="20231114 20:11:48.178"/>
</kw>
<kw name="Set Password Confirmation">
<arg>testi123</arg>
<kw name="Input Password" library="SeleniumLibrary">
<arg>password_confirmation</arg>
<arg>${password_confirmation}</arg>
<doc>Types the given password into the text field identified by ``locator``.</doc>
<msg timestamp="20231114 20:11:48.179" level="INFO">Typing password into text field 'password_confirmation'.</msg>
<msg timestamp="20231114 20:11:48.195" level="INFO">Temporally setting log level to: NONE</msg>
<msg timestamp="20231114 20:11:48.214" level="INFO">Log level changed from NONE to INFO.</msg>
<status status="PASS" starttime="20231114 20:11:48.178" endtime="20231114 20:11:48.214"/>
</kw>
<status status="PASS" starttime="20231114 20:11:48.178" endtime="20231114 20:11:48.214"/>
</kw>
<kw name="Submit Credentials">
<kw name="Click Button" library="SeleniumLibrary">
<arg>Register</arg>
<doc>Clicks the button identified by ``locator``.</doc>
<msg timestamp="20231114 20:11:48.215" level="INFO">Clicking button 'Register'.</msg>
<status status="PASS" starttime="20231114 20:11:48.214" endtime="20231114 20:11:48.244"/>
</kw>
<status status="PASS" starttime="20231114 20:11:48.214" endtime="20231114 20:11:48.244"/>
</kw>
<kw name="Register Should Fail With Message">
<arg>Username is too short</arg>
<kw name="Register Page Should Be Open" library="resource">
<kw name="Title Should Be" library="SeleniumLibrary">
<arg>Register</arg>
<doc>Verifies that the current page title equals ``title``.</doc>
<msg timestamp="20231114 20:11:48.246" level="INFO">Page title is 'Register'.</msg>
<status status="PASS" starttime="20231114 20:11:48.245" endtime="20231114 20:11:48.247"/>
</kw>
<status status="PASS" starttime="20231114 20:11:48.244" endtime="20231114 20:11:48.247"/>
</kw>
<kw name="Page Should Contain" library="SeleniumLibrary">
<arg>${message}</arg>
<doc>Verifies that current page contains ``text``.</doc>
<msg timestamp="20231114 20:11:48.255" level="INFO">Current page contains text 'Username is too short'.</msg>
<status status="PASS" starttime="20231114 20:11:48.247" endtime="20231114 20:11:48.255"/>
</kw>
<status status="PASS" starttime="20231114 20:11:48.244" endtime="20231114 20:11:48.255"/>
</kw>
<status status="PASS" starttime="20231114 20:11:48.091" endtime="20231114 20:11:48.255"/>
</test>
<test id="s1-t3" name="Register With Valid Username And Invalid Password" line="22">
<kw name="Register User And Go To Welcome Page" type="SETUP">
<kw name="Create User" library="AppLibrary">
<arg>kalle</arg>
<arg>kalle123</arg>
<status status="PASS" starttime="20231114 20:11:48.256" endtime="20231114 20:11:48.261"/>
</kw>
<kw name="Go To Register Page" library="resource">
<kw name="Go To" library="SeleniumLibrary">
<arg>${REGISTER_URL}</arg>
<doc>Navigates the current browser window to the provided ``url``.</doc>
<msg timestamp="20231114 20:11:48.261" level="INFO">Opening url 'http://localhost:5001/register'</msg>
<status status="PASS" starttime="20231114 20:11:48.261" endtime="20231114 20:11:48.268"/>
</kw>
<status status="PASS" starttime="20231114 20:11:48.261" endtime="20231114 20:11:48.268"/>
</kw>
<kw name="Register Page Should Be Open" library="resource">
<kw name="Title Should Be" library="SeleniumLibrary">
<arg>Register</arg>
<doc>Verifies that the current page title equals ``title``.</doc>
<msg timestamp="20231114 20:11:48.271" level="INFO">Page title is 'Register'.</msg>
<status status="PASS" starttime="20231114 20:11:48.269" endtime="20231114 20:11:48.271"/>
</kw>
<status status="PASS" starttime="20231114 20:11:48.268" endtime="20231114 20:11:48.271"/>
</kw>
<status status="PASS" starttime="20231114 20:11:48.255" endtime="20231114 20:11:48.271"/>
</kw>
<kw name="Set Username">
<arg>testi</arg>
<kw name="Input Text" library="SeleniumLibrary">
<arg>username</arg>
<arg>${username}</arg>
<doc>Types the given ``text`` into the text field identified by ``locator``.</doc>
<msg timestamp="20231114 20:11:48.272" level="INFO">Typing text 'testi' into text field 'username'.</msg>
<status status="PASS" starttime="20231114 20:11:48.271" endtime="20231114 20:11:48.306"/>
</kw>
<status status="PASS" starttime="20231114 20:11:48.271" endtime="20231114 20:11:48.306"/>
</kw>
<kw name="Set Password">
<arg>testi</arg>
<kw name="Input Password" library="SeleniumLibrary">
<arg>password</arg>
<arg>${password}</arg>
<doc>Types the given password into the text field identified by ``locator``.</doc>
<msg timestamp="20231114 20:11:48.306" level="INFO">Typing password into text field 'password'.</msg>
<msg timestamp="20231114 20:11:48.322" level="INFO">Temporally setting log level to: NONE</msg>
<msg timestamp="20231114 20:11:48.342" level="INFO">Log level changed from NONE to INFO.</msg>
<status status="PASS" starttime="20231114 20:11:48.306" endtime="20231114 20:11:48.342"/>
</kw>
<status status="PASS" starttime="20231114 20:11:48.306" endtime="20231114 20:11:48.342"/>
</kw>
<kw name="Set Password Confirmation">
<arg>testi123</arg>
<kw name="Input Password" library="SeleniumLibrary">
<arg>password_confirmation</arg>
<arg>${password_confirmation}</arg>
<doc>Types the given password into the text field identified by ``locator``.</doc>
<msg timestamp="20231114 20:11:48.343" level="INFO">Typing password into text field 'password_confirmation'.</msg>
<msg timestamp="20231114 20:11:48.358" level="INFO">Temporally setting log level to: NONE</msg>
<msg timestamp="20231114 20:11:48.377" level="INFO">Log level changed from NONE to INFO.</msg>
<status status="PASS" starttime="20231114 20:11:48.342" endtime="20231114 20:11:48.377"/>
</kw>
<status status="PASS" starttime="20231114 20:11:48.342" endtime="20231114 20:11:48.377"/>
</kw>
<kw name="Submit Credentials">
<kw name="Click Button" library="SeleniumLibrary">
<arg>Register</arg>
<doc>Clicks the button identified by ``locator``.</doc>
<msg timestamp="20231114 20:11:48.377" level="INFO">Clicking button 'Register'.</msg>
<status status="PASS" starttime="20231114 20:11:48.377" endtime="20231114 20:11:48.408"/>
</kw>
<status status="PASS" starttime="20231114 20:11:48.377" endtime="20231114 20:11:48.409"/>
</kw>
<kw name="Register Should Fail With Message">
<arg>Password is invalid</arg>
<kw name="Register Page Should Be Open" library="resource">
<kw name="Title Should Be" library="SeleniumLibrary">
<arg>Register</arg>
<doc>Verifies that the current page title equals ``title``.</doc>
<msg timestamp="20231114 20:11:48.411" level="INFO">Page title is 'Register'.</msg>
<status status="PASS" starttime="20231114 20:11:48.409" endtime="20231114 20:11:48.412"/>
</kw>
<status status="PASS" starttime="20231114 20:11:48.409" endtime="20231114 20:11:48.412"/>
</kw>
<kw name="Page Should Contain" library="SeleniumLibrary">
<arg>${message}</arg>
<doc>Verifies that current page contains ``text``.</doc>
<msg timestamp="20231114 20:11:48.420" level="INFO">Current page contains text 'Password is invalid'.</msg>
<status status="PASS" starttime="20231114 20:11:48.412" endtime="20231114 20:11:48.420"/>
</kw>
<status status="PASS" starttime="20231114 20:11:48.409" endtime="20231114 20:11:48.420"/>
</kw>
<status status="PASS" starttime="20231114 20:11:48.255" endtime="20231114 20:11:48.420"/>
</test>
<test id="s1-t4" name="Register With Nonmatching Password And Password Confirmation" line="30">
<kw name="Register User And Go To Welcome Page" type="SETUP">
<kw name="Create User" library="AppLibrary">
<arg>kalle</arg>
<arg>kalle123</arg>
<status status="PASS" starttime="20231114 20:11:48.421" endtime="20231114 20:11:48.426"/>
</kw>
<kw name="Go To Register Page" library="resource">
<kw name="Go To" library="SeleniumLibrary">
<arg>${REGISTER_URL}</arg>
<doc>Navigates the current browser window to the provided ``url``.</doc>
<msg timestamp="20231114 20:11:48.426" level="INFO">Opening url 'http://localhost:5001/register'</msg>
<status status="PASS" starttime="20231114 20:11:48.426" endtime="20231114 20:11:48.435"/>
</kw>
<status status="PASS" starttime="20231114 20:11:48.426" endtime="20231114 20:11:48.435"/>
</kw>
<kw name="Register Page Should Be Open" library="resource">
<kw name="Title Should Be" library="SeleniumLibrary">
<arg>Register</arg>
<doc>Verifies that the current page title equals ``title``.</doc>
<msg timestamp="20231114 20:11:48.437" level="INFO">Page title is 'Register'.</msg>
<status status="PASS" starttime="20231114 20:11:48.435" endtime="20231114 20:11:48.437"/>
</kw>
<status status="PASS" starttime="20231114 20:11:48.435" endtime="20231114 20:11:48.437"/>
</kw>
<status status="PASS" starttime="20231114 20:11:48.420" endtime="20231114 20:11:48.437"/>
</kw>
<kw name="Set Username">
<arg>testi</arg>
<kw name="Input Text" library="SeleniumLibrary">
<arg>username</arg>
<arg>${username}</arg>
<doc>Types the given ``text`` into the text field identified by ``locator``.</doc>
<msg timestamp="20231114 20:11:48.438" level="INFO">Typing text 'testi' into text field 'username'.</msg>
<status status="PASS" starttime="20231114 20:11:48.437" endtime="20231114 20:11:48.473"/>
</kw>
<status status="PASS" starttime="20231114 20:11:48.437" endtime="20231114 20:11:48.473"/>
</kw>
<kw name="Set Password">
<arg>testi123</arg>
<kw name="Input Password" library="SeleniumLibrary">
<arg>password</arg>
<arg>${password}</arg>
<doc>Types the given password into the text field identified by ``locator``.</doc>
<msg timestamp="20231114 20:11:48.473" level="INFO">Typing password into text field 'password'.</msg>
<msg timestamp="20231114 20:11:48.488" level="INFO">Temporally setting log level to: NONE</msg>
<msg timestamp="20231114 20:11:48.508" level="INFO">Log level changed from NONE to INFO.</msg>
<status status="PASS" starttime="20231114 20:11:48.473" endtime="20231114 20:11:48.508"/>
</kw>
<status status="PASS" starttime="20231114 20:11:48.473" endtime="20231114 20:11:48.508"/>
</kw>
<kw name="Set Password Confirmation">
<arg>testi1</arg>
<kw name="Input Password" library="SeleniumLibrary">
<arg>password_confirmation</arg>
<arg>${password_confirmation}</arg>
<doc>Types the given password into the text field identified by ``locator``.</doc>
<msg timestamp="20231114 20:11:48.509" level="INFO">Typing password into text field 'password_confirmation'.</msg>
<msg timestamp="20231114 20:11:48.524" level="INFO">Temporally setting log level to: NONE</msg>
<msg timestamp="20231114 20:11:48.544" level="INFO">Log level changed from NONE to INFO.</msg>
<status status="PASS" starttime="20231114 20:11:48.508" endtime="20231114 20:11:48.544"/>
</kw>
<status status="PASS" starttime="20231114 20:11:48.508" endtime="20231114 20:11:48.544"/>
</kw>
<kw name="Submit Credentials">
<kw name="Click Button" library="SeleniumLibrary">
<arg>Register</arg>
<doc>Clicks the button identified by ``locator``.</doc>
<msg timestamp="20231114 20:11:48.544" level="INFO">Clicking button 'Register'.</msg>
<status status="PASS" starttime="20231114 20:11:48.544" endtime="20231114 20:11:48.575"/>
</kw>
<status status="PASS" starttime="20231114 20:11:48.544" endtime="20231114 20:11:48.575"/>
</kw>
<kw name="Register Should Fail With Message">
<arg>Password isn't same</arg>
<kw name="Register Page Should Be Open" library="resource">
<kw name="Title Should Be" library="SeleniumLibrary">
<arg>Register</arg>
<doc>Verifies that the current page title equals ``title``.</doc>
<msg timestamp="20231114 20:11:48.577" level="INFO">Page title is 'Register'.</msg>
<status status="PASS" starttime="20231114 20:11:48.575" endtime="20231114 20:11:48.577"/>
</kw>
<status status="PASS" starttime="20231114 20:11:48.575" endtime="20231114 20:11:48.577"/>
</kw>
<kw name="Page Should Contain" library="SeleniumLibrary">
<arg>${message}</arg>
<doc>Verifies that current page contains ``text``.</doc>
<msg timestamp="20231114 20:11:48.585" level="INFO">Current page contains text 'Password isn't same'.</msg>
<status status="PASS" starttime="20231114 20:11:48.577" endtime="20231114 20:11:48.585"/>
</kw>
<status status="PASS" starttime="20231114 20:11:48.575" endtime="20231114 20:11:48.585"/>
</kw>
<status status="PASS" starttime="20231114 20:11:48.420" endtime="20231114 20:11:48.586"/>
</test>
<test id="s1-t5" name="Login After Successful Registration" line="37">
<kw name="Register User And Go To Welcome Page" type="SETUP">
<kw name="Create User" library="AppLibrary">
<arg>kalle</arg>
<arg>kalle123</arg>
<status status="PASS" starttime="20231114 20:11:48.586" endtime="20231114 20:11:48.592"/>
</kw>
<kw name="Go To Register Page" library="resource">
<kw name="Go To" library="SeleniumLibrary">
<arg>${REGISTER_URL}</arg>
<doc>Navigates the current browser window to the provided ``url``.</doc>
<msg timestamp="20231114 20:11:48.592" level="INFO">Opening url 'http://localhost:5001/register'</msg>
<status status="PASS" starttime="20231114 20:11:48.592" endtime="20231114 20:11:48.600"/>
</kw>
<status status="PASS" starttime="20231114 20:11:48.592" endtime="20231114 20:11:48.600"/>
</kw>
<kw name="Register Page Should Be Open" library="resource">
<kw name="Title Should Be" library="SeleniumLibrary">
<arg>Register</arg>
<doc>Verifies that the current page title equals ``title``.</doc>
<msg timestamp="20231114 20:11:48.602" level="INFO">Page title is 'Register'.</msg>
<status status="PASS" starttime="20231114 20:11:48.600" endtime="20231114 20:11:48.602"/>
</kw>
<status status="PASS" starttime="20231114 20:11:48.600" endtime="20231114 20:11:48.602"/>
</kw>
<status status="PASS" starttime="20231114 20:11:48.586" endtime="20231114 20:11:48.602"/>
</kw>
<kw name="Set Username">
<arg>testi</arg>
<kw name="Input Text" library="SeleniumLibrary">
<arg>username</arg>
<arg>${username}</arg>
<doc>Types the given ``text`` into the text field identified by ``locator``.</doc>
<msg timestamp="20231114 20:11:48.603" level="INFO">Typing text 'testi' into text field 'username'.</msg>
<status status="PASS" starttime="20231114 20:11:48.602" endtime="20231114 20:11:48.636"/>
</kw>
<status status="PASS" starttime="20231114 20:11:48.602" endtime="20231114 20:11:48.636"/>
</kw>
<kw name="Set Password">
<arg>testi123</arg>
<kw name="Input Password" library="SeleniumLibrary">
<arg>password</arg>
<arg>${password}</arg>
<doc>Types the given password into the text field identified by ``locator``.</doc>
<msg timestamp="20231114 20:11:48.637" level="INFO">Typing password into text field 'password'.</msg>
<msg timestamp="20231114 20:11:48.654" level="INFO">Temporally setting log level to: NONE</msg>
<msg timestamp="20231114 20:11:48.673" level="INFO">Log level changed from NONE to INFO.</msg>
<status status="PASS" starttime="20231114 20:11:48.637" endtime="20231114 20:11:48.673"/>
</kw>
<status status="PASS" starttime="20231114 20:11:48.637" endtime="20231114 20:11:48.673"/>
</kw>
<kw name="Set Password Confirmation">
<arg>testi123</arg>
<kw name="Input Password" library="SeleniumLibrary">
<arg>password_confirmation</arg>
<arg>${password_confirmation}</arg>
<doc>Types the given password into the text field identified by ``locator``.</doc>
<msg timestamp="20231114 20:11:48.674" level="INFO">Typing password into text field 'password_confirmation'.</msg>
<msg timestamp="20231114 20:11:48.689" level="INFO">Temporally setting log level to: NONE</msg>
<msg timestamp="20231114 20:11:48.708" level="INFO">Log level changed from NONE to INFO.</msg>
<status status="PASS" starttime="20231114 20:11:48.673" endtime="20231114 20:11:48.708"/>
</kw>
<status status="PASS" starttime="20231114 20:11:48.673" endtime="20231114 20:11:48.708"/>
</kw>
<kw name="Submit Credentials">
<kw name="Click Button" library="SeleniumLibrary">
<arg>Register</arg>
<doc>Clicks the button identified by ``locator``.</doc>
<msg timestamp="20231114 20:11:48.708" level="INFO">Clicking button 'Register'.</msg>
<status status="PASS" starttime="20231114 20:11:48.708" endtime="20231114 20:11:48.737"/>
</kw>
<status status="PASS" starttime="20231114 20:11:48.708" endtime="20231114 20:11:48.737"/>
</kw>
<kw name="Register Should Succeed">
<kw name="Welcome Page Should Be Open" library="resource">
<kw name="Title Should Be" library="SeleniumLibrary">
<arg>Welcome to Ohtu Application!</arg>
<doc>Verifies that the current page title equals ``title``.</doc>
<msg timestamp="20231114 20:11:48.740" level="INFO">Page title is 'Welcome to Ohtu Application!'.</msg>
<status status="PASS" starttime="20231114 20:11:48.737" endtime="20231114 20:11:48.740"/>
</kw>
<status status="PASS" starttime="20231114 20:11:48.737" endtime="20231114 20:11:48.740"/>
</kw>
<status status="PASS" starttime="20231114 20:11:48.737" endtime="20231114 20:11:48.740"/>
</kw>
<kw name="Log Out">
<kw name="Click Link" library="SeleniumLibrary">
<arg>Continue to main page</arg>
<doc>Clicks a link identified by ``locator``.</doc>
<msg timestamp="20231114 20:11:48.740" level="INFO">Clicking link 'Continue to main page'.</msg>
<status status="PASS" starttime="20231114 20:11:48.740" endtime="20231114 20:11:48.770"/>
</kw>
<kw name="Click Button" library="SeleniumLibrary">
<arg>Logout</arg>
<doc>Clicks the button identified by ``locator``.</doc>
<msg timestamp="20231114 20:11:48.771" level="INFO">Clicking button 'Logout'.</msg>
<status status="PASS" starttime="20231114 20:11:48.770" endtime="20231114 20:11:48.809"/>
</kw>
<status status="PASS" starttime="20231114 20:11:48.740" endtime="20231114 20:11:48.809"/>
</kw>
<kw name="Set Username">
<arg>testi</arg>
<kw name="Input Text" library="SeleniumLibrary">
<arg>username</arg>
<arg>${username}</arg>
<doc>Types the given ``text`` into the text field identified by ``locator``.</doc>
<msg timestamp="20231114 20:11:48.810" level="INFO">Typing text 'testi' into text field 'username'.</msg>
<status status="PASS" starttime="20231114 20:11:48.810" endtime="20231114 20:11:48.845"/>
</kw>
<status status="PASS" starttime="20231114 20:11:48.810" endtime="20231114 20:11:48.845"/>
</kw>
<kw name="Set Password">
<arg>testi123</arg>
<kw name="Input Password" library="SeleniumLibrary">
<arg>password</arg>
<arg>${password}</arg>
<doc>Types the given password into the text field identified by ``locator``.</doc>
<msg timestamp="20231114 20:11:48.846" level="INFO">Typing password into text field 'password'.</msg>
<msg timestamp="20231114 20:11:48.862" level="INFO">Temporally setting log level to: NONE</msg>
<msg timestamp="20231114 20:11:48.881" level="INFO">Log level changed from NONE to INFO.</msg>
<status status="PASS" starttime="20231114 20:11:48.846" endtime="20231114 20:11:48.881"/>
</kw>
<status status="PASS" starttime="20231114 20:11:48.845" endtime="20231114 20:11:48.881"/>
</kw>
<kw name="Submit Credentials Login">
<kw name="Click Button" library="SeleniumLibrary">
<arg>Login</arg>
<doc>Clicks the button identified by ``locator``.</doc>
<msg timestamp="20231114 20:11:48.882" level="INFO">Clicking button 'Login'.</msg>
<status status="PASS" starttime="20231114 20:11:48.881" endtime="20231114 20:11:48.918"/>
</kw>
<status status="PASS" starttime="20231114 20:11:48.881" endtime="20231114 20:11:48.918"/>
</kw>
<kw name="Login Should Succeed">
<kw name="Main Page Should Be Open" library="resource">
<kw name="Title Should Be" library="SeleniumLibrary">
<arg>Ohtu Application main page</arg>
<doc>Verifies that the current page title equals ``title``.</doc>
<msg timestamp="20231114 20:11:48.921" level="INFO">Page title is 'Ohtu Application main page'.</msg>
<status status="PASS" starttime="20231114 20:11:48.919" endtime="20231114 20:11:48.921"/>
</kw>
<status status="PASS" starttime="20231114 20:11:48.919" endtime="20231114 20:11:48.921"/>
</kw>
<status status="PASS" starttime="20231114 20:11:48.918" endtime="20231114 20:11:48.921"/>
</kw>
<status status="PASS" starttime="20231114 20:11:48.586" endtime="20231114 20:11:48.921"/>
</test>
<test id="s1-t6" name="Login After Failed Registration" line="50">
<kw name="Register User And Go To Welcome Page" type="SETUP">
<kw name="Create User" library="AppLibrary">
<arg>kalle</arg>
<arg>kalle123</arg>
<status status="PASS" starttime="20231114 20:11:48.922" endtime="20231114 20:11:48.928"/>
</kw>
<kw name="Go To Register Page" library="resource">
<kw name="Go To" library="SeleniumLibrary">
<arg>${REGISTER_URL}</arg>
<doc>Navigates the current browser window to the provided ``url``.</doc>
<msg timestamp="20231114 20:11:48.928" level="INFO">Opening url 'http://localhost:5001/register'</msg>
<status status="PASS" starttime="20231114 20:11:48.928" endtime="20231114 20:11:48.936"/>
</kw>
<status status="PASS" starttime="20231114 20:11:48.928" endtime="20231114 20:11:48.936"/>
</kw>
<kw name="Register Page Should Be Open" library="resource">
<kw name="Title Should Be" library="SeleniumLibrary">
<arg>Register</arg>
<doc>Verifies that the current page title equals ``title``.</doc>
<msg timestamp="20231114 20:11:48.938" level="INFO">Page title is 'Register'.</msg>
<status status="PASS" starttime="20231114 20:11:48.936" endtime="20231114 20:11:48.938"/>
</kw>
<status status="PASS" starttime="20231114 20:11:48.936" endtime="20231114 20:11:48.938"/>
</kw>
<status status="PASS" starttime="20231114 20:11:48.921" endtime="20231114 20:11:48.938"/>
</kw>
<kw name="Set Username">
<arg>testi</arg>
<kw name="Input Text" library="SeleniumLibrary">
<arg>username</arg>
<arg>${username}</arg>
<doc>Types the given ``text`` into the text field identified by ``locator``.</doc>
<msg timestamp="20231114 20:11:48.939" level="INFO">Typing text 'testi' into text field 'username'.</msg>
<status status="PASS" starttime="20231114 20:11:48.938" endtime="20231114 20:11:48.974"/>
</kw>
<status status="PASS" starttime="20231114 20:11:48.938" endtime="20231114 20:11:48.974"/>
</kw>
<kw name="Set Password">
<arg>testi</arg>
<kw name="Input Password" library="SeleniumLibrary">
<arg>password</arg>
<arg>${password}</arg>
<doc>Types the given password into the text field identified by ``locator``.</doc>
<msg timestamp="20231114 20:11:48.975" level="INFO">Typing password into text field 'password'.</msg>
<msg timestamp="20231114 20:11:48.990" level="INFO">Temporally setting log level to: NONE</msg>
<msg timestamp="20231114 20:11:49.008" level="INFO">Log level changed from NONE to INFO.</msg>
<status status="PASS" starttime="20231114 20:11:48.974" endtime="20231114 20:11:49.009"/>
</kw>
<status status="PASS" starttime="20231114 20:11:48.974" endtime="20231114 20:11:49.009"/>
</kw>
<kw name="Set Password Confirmation">
<arg>testi123</arg>
<kw name="Input Password" library="SeleniumLibrary">
<arg>password_confirmation</arg>
<arg>${password_confirmation}</arg>
<doc>Types the given password into the text field identified by ``locator``.</doc>
<msg timestamp="20231114 20:11:49.010" level="INFO">Typing password into text field 'password_confirmation'.</msg>
<msg timestamp="20231114 20:11:49.030" level="INFO">Temporally setting log level to: NONE</msg>
<msg timestamp="20231114 20:11:49.053" level="INFO">Log level changed from NONE to INFO.</msg>
<status status="PASS" starttime="20231114 20:11:49.009" endtime="20231114 20:11:49.053"/>
</kw>
<status status="PASS" starttime="20231114 20:11:49.009" endtime="20231114 20:11:49.053"/>
</kw>
<kw name="Submit Credentials">
<kw name="Click Button" library="SeleniumLibrary">
<arg>Register</arg>
<doc>Clicks the button identified by ``locator``.</doc>
<msg timestamp="20231114 20:11:49.054" level="INFO">Clicking button 'Register'.</msg>
<status status="PASS" starttime="20231114 20:11:49.054" endtime="20231114 20:11:49.084"/>
</kw>
<status status="PASS" starttime="20231114 20:11:49.053" endtime="20231114 20:11:49.084"/>
</kw>
<kw name="Register Should Fail With Message">
<arg>Password is invalid</arg>
<kw name="Register Page Should Be Open" library="resource">
<kw name="Title Should Be" library="SeleniumLibrary">
<arg>Register</arg>
<doc>Verifies that the current page title equals ``title``.</doc>
<msg timestamp="20231114 20:11:49.086" level="INFO">Page title is 'Register'.</msg>
<status status="PASS" starttime="20231114 20:11:49.084" endtime="20231114 20:11:49.086"/>
</kw>
<status status="PASS" starttime="20231114 20:11:49.084" endtime="20231114 20:11:49.086"/>
</kw>
<kw name="Page Should Contain" library="SeleniumLibrary">
<arg>${message}</arg>
<doc>Verifies that current page contains ``text``.</doc>
<msg timestamp="20231114 20:11:49.092" level="INFO">Current page contains text 'Password is invalid'.</msg>
<status status="PASS" starttime="20231114 20:11:49.086" endtime="20231114 20:11:49.092"/>
</kw>
<status status="PASS" starttime="20231114 20:11:49.084" endtime="20231114 20:11:49.092"/>
</kw>
<kw name="Click Login">
<kw name="Click Link" library="SeleniumLibrary">
<arg>Login</arg>
<doc>Clicks a link identified by ``locator``.</doc>
<msg timestamp="20231114 20:11:49.093" level="INFO">Clicking link 'Login'.</msg>
<status status="PASS" starttime="20231114 20:11:49.093" endtime="20231114 20:11:49.123"/>
</kw>
<status status="PASS" starttime="20231114 20:11:49.092" endtime="20231114 20:11:49.123"/>
</kw>
<kw name="Set Username">
<arg>testi</arg>
<kw name="Input Text" library="SeleniumLibrary">
<arg>username</arg>
<arg>${username}</arg>
<doc>Types the given ``text`` into the text field identified by ``locator``.</doc>
<msg timestamp="20231114 20:11:49.124" level="INFO">Typing text 'testi' into text field 'username'.</msg>
<status status="PASS" starttime="20231114 20:11:49.124" endtime="20231114 20:11:49.158"/>
</kw>
<status status="PASS" starttime="20231114 20:11:49.124" endtime="20231114 20:11:49.158"/>
</kw>
<kw name="Set Password">
<arg>testi</arg>
<kw name="Input Password" library="SeleniumLibrary">
<arg>password</arg>
<arg>${password}</arg>
<doc>Types the given password into the text field identified by ``locator``.</doc>
<msg timestamp="20231114 20:11:49.159" level="INFO">Typing password into text field 'password'.</msg>
<msg timestamp="20231114 20:11:49.174" level="INFO">Temporally setting log level to: NONE</msg>
<msg timestamp="20231114 20:11:49.194" level="INFO">Log level changed from NONE to INFO.</msg>
<status status="PASS" starttime="20231114 20:11:49.159" endtime="20231114 20:11:49.194"/>
</kw>
<status status="PASS" starttime="20231114 20:11:49.158" endtime="20231114 20:11:49.194"/>
</kw>
<kw name="Submit Credentials Login">
<kw name="Click Button" library="SeleniumLibrary">
<arg>Login</arg>
<doc>Clicks the button identified by ``locator``.</doc>
<msg timestamp="20231114 20:11:49.194" level="INFO">Clicking button 'Login'.</msg>
<status status="PASS" starttime="20231114 20:11:49.194" endtime="20231114 20:11:49.226"/>
</kw>
<status status="PASS" starttime="20231114 20:11:49.194" endtime="20231114 20:11:49.226"/>
</kw>
<kw name="Login Should Fail With Message">
<arg>Invalid username or password</arg>
<kw name="Login Page Should Be Open" library="resource">
<kw name="Title Should Be" library="SeleniumLibrary">
<arg>Login</arg>
<doc>Verifies that the current page title equals ``title``.</doc>
<msg timestamp="20231114 20:11:49.228" level="INFO">Page title is 'Login'.</msg>
<status status="PASS" starttime="20231114 20:11:49.226" endtime="20231114 20:11:49.228"/>
</kw>
<status status="PASS" starttime="20231114 20:11:49.226" endtime="20231114 20:11:49.228"/>
</kw>
<kw name="Page Should Contain" library="SeleniumLibrary">
<arg>${message}</arg>
<doc>Verifies that current page contains ``text``.</doc>
<msg timestamp="20231114 20:11:49.236" level="INFO">Current page contains text 'Invalid username or password'.</msg>
<status status="PASS" starttime="20231114 20:11:49.228" endtime="20231114 20:11:49.236"/>
</kw>
<status status="PASS" starttime="20231114 20:11:49.226" endtime="20231114 20:11:49.236"/>
</kw>
<status status="PASS" starttime="20231114 20:11:48.921" endtime="20231114 20:11:49.236"/>
</test>
<kw name="Close Browser" library="SeleniumLibrary" type="TEARDOWN">
<doc>Closes the current browser.</doc>
<status status="PASS" starttime="20231114 20:11:49.237" endtime="20231114 20:11:49.295"/>
</kw>
<status status="PASS" starttime="20231114 20:11:47.123" endtime="20231114 20:11:49.296"/>
</suite>
<statistics>
<total>
<stat pass="6" fail="0" skip="0">All Tests</stat>
</total>
<tag>
</tag>
<suite>
<stat pass="6" fail="0" skip="0" id="s1" name="Register">Register</stat>
</suite>
</statistics>
<errors>
</errors>
</robot>
