<?xml version="1.0" encoding="UTF-8"?>
<robot generator="Robot 6.1.1 (Python 3.10.12 on linux)" generated="20231114 17:42:05.807" rpa="false" schemaversion="4">
<suite id="s1" name="Tests" source="/home/kxelina/palautusrepositorio/viikko3/login-robot/src/tests">
<suite id="s1-s1" name="Login" source="/home/kxelina/palautusrepositorio/viikko3/login-robot/src/tests/login.robot">
<test id="s1-s1-t1" name="Login With Correct Credentials" line="6">
<kw name="Create User And Input Login Command" type="SETUP">
<kw name="Create User" library="AppLibrary">
<arg>kalle</arg>
<arg>kalle123</arg>
<status status="PASS" starttime="20231114 17:42:05.822" endtime="20231114 17:42:05.822"/>
</kw>
<kw name="Input Login Command" library="resource">
<kw name="Input" library="AppLibrary">
<arg>login</arg>
<status status="PASS" starttime="20231114 17:42:05.822" endtime="20231114 17:42:05.822"/>
</kw>
<status status="PASS" starttime="20231114 17:42:05.822" endtime="20231114 17:42:05.822"/>
</kw>
<status status="PASS" starttime="20231114 17:42:05.821" endtime="20231114 17:42:05.822"/>
</kw>
<kw name="Input Credentials" library="resource">
<arg>kalle</arg>
<arg>kalle123</arg>
<kw name="Input" library="AppLibrary">
<arg>${username}</arg>
<status status="PASS" starttime="20231114 17:42:05.822" endtime="20231114 17:42:05.822"/>
</kw>
<kw name="Input" library="AppLibrary">
<arg>${password}</arg>
<status status="PASS" starttime="20231114 17:42:05.822" endtime="20231114 17:42:05.823"/>
</kw>
<kw name="Run Application" library="AppLibrary">
<status status="PASS" starttime="20231114 17:42:05.823" endtime="20231114 17:42:05.823"/>
</kw>
<status status="PASS" starttime="20231114 17:42:05.822" endtime="20231114 17:42:05.823"/>
</kw>
<kw name="Output Should Contain" library="AppLibrary">
<arg>Logged in</arg>
<status status="PASS" starttime="20231114 17:42:05.823" endtime="20231114 17:42:05.823"/>
</kw>
<status status="PASS" starttime="20231114 17:42:05.821" endtime="20231114 17:42:05.823"/>
</test>
<test id="s1-s1-t2" name="Login With Incorrect Password" line="10">
<kw name="Create User And Input Login Command" type="SETUP">
<kw name="Create User" library="AppLibrary">
<arg>kalle</arg>
<arg>kalle123</arg>
<status status="PASS" starttime="20231114 17:42:05.823" endtime="20231114 17:42:05.823"/>
</kw>
<kw name="Input Login Command" library="resource">
<kw name="Input" library="AppLibrary">
<arg>login</arg>
<status status="PASS" starttime="20231114 17:42:05.824" endtime="20231114 17:42:05.824"/>
</kw>
<status status="PASS" starttime="20231114 17:42:05.823" endtime="20231114 17:42:05.824"/>
</kw>
<status status="PASS" starttime="20231114 17:42:05.823" endtime="20231114 17:42:05.824"/>
</kw>
<kw name="Input Credentials" library="resource">
<arg>kalle</arg>
<arg>kalle</arg>
<kw name="Input" library="AppLibrary">
<arg>${username}</arg>
<status status="PASS" starttime="20231114 17:42:05.824" endtime="20231114 17:42:05.824"/>
</kw>
<kw name="Input" library="AppLibrary">
<arg>${password}</arg>
<status status="PASS" starttime="20231114 17:42:05.824" endtime="20231114 17:42:05.824"/>
</kw>
<kw name="Run Application" library="AppLibrary">
<status status="PASS" starttime="20231114 17:42:05.824" endtime="20231114 17:42:05.824"/>
</kw>
<status status="PASS" starttime="20231114 17:42:05.824" endtime="20231114 17:42:05.824"/>
</kw>
<kw name="Output Should Contain" library="AppLibrary">
<arg>Invalid username or password</arg>
<status status="PASS" starttime="20231114 17:42:05.824" endtime="20231114 17:42:05.824"/>
</kw>
<status status="PASS" starttime="20231114 17:42:05.823" endtime="20231114 17:42:05.824"/>
</test>
<test id="s1-s1-t3" name="Login With Nonexistent Username" line="14">
<kw name="Create User And Input Login Command" type="SETUP">
<kw name="Create User" library="AppLibrary">
<arg>kalle</arg>
<arg>kalle123</arg>
<status status="PASS" starttime="20231114 17:42:05.825" endtime="20231114 17:42:05.825"/>
</kw>
<kw name="Input Login Command" library="resource">
<kw name="Input" library="AppLibrary">
<arg>login</arg>
<status status="PASS" starttime="20231114 17:42:05.825" endtime="20231114 17:42:05.825"/>
</kw>
<status status="PASS" starttime="20231114 17:42:05.825" endtime="20231114 17:42:05.825"/>
</kw>
<status status="PASS" starttime="20231114 17:42:05.825" endtime="20231114 17:42:05.825"/>
</kw>
<kw name="Input Credentials" library="resource">
<arg>kal</arg>
<arg>kalle</arg>
<kw name="Input" library="AppLibrary">
<arg>${username}</arg>
<status status="PASS" starttime="20231114 17:42:05.825" endtime="20231114 17:42:05.825"/>
</kw>
<kw name="Input" library="AppLibrary">
<arg>${password}</arg>
<status status="PASS" starttime="20231114 17:42:05.825" endtime="20231114 17:42:05.826"/>
</kw>
<kw name="Run Application" library="AppLibrary">
<status status="PASS" starttime="20231114 17:42:05.826" endtime="20231114 17:42:05.826"/>
</kw>
<status status="PASS" starttime="20231114 17:42:05.825" endtime="20231114 17:42:05.826"/>
</kw>
<kw name="Output Should Contain" library="AppLibrary">
<arg>Invalid username or password</arg>
<status status="PASS" starttime="20231114 17:42:05.826" endtime="20231114 17:42:05.826"/>
</kw>
<status status="PASS" starttime="20231114 17:42:05.824" endtime="20231114 17:42:05.826"/>
</test>
<status status="PASS" starttime="20231114 17:42:05.818" endtime="20231114 17:42:05.826"/>
</suite>
<suite id="s1-s2" name="Register" source="/home/kxelina/palautusrepositorio/viikko3/login-robot/src/tests/register.robot">
<test id="s1-s2-t1" name="Register With Valid Username And Password" line="6">
<kw name="Input New Command And Crete User" type="SETUP">
<kw name="Create User" library="AppLibrary">
<arg>kalle</arg>
<arg>kalle123</arg>
<status status="PASS" starttime="20231114 17:42:05.828" endtime="20231114 17:42:05.828"/>
</kw>
<kw name="Input New Command" library="resource">
<kw name="Input" library="AppLibrary">
<arg>new</arg>
<status status="PASS" starttime="20231114 17:42:05.828" endtime="20231114 17:42:05.828"/>
</kw>
<status status="PASS" starttime="20231114 17:42:05.828" endtime="20231114 17:42:05.828"/>
</kw>
<status status="PASS" starttime="20231114 17:42:05.828" endtime="20231114 17:42:05.828"/>
</kw>
<kw name="Input Credentials" library="resource">
<arg>testi</arg>
<arg>testisalasana1</arg>
<kw name="Input" library="AppLibrary">
<arg>${username}</arg>
<status status="PASS" starttime="20231114 17:42:05.828" endtime="20231114 17:42:05.829"/>
</kw>
<kw name="Input" library="AppLibrary">
<arg>${password}</arg>
<status status="PASS" starttime="20231114 17:42:05.829" endtime="20231114 17:42:05.829"/>
</kw>
<kw name="Run Application" library="AppLibrary">
<status status="PASS" starttime="20231114 17:42:05.829" endtime="20231114 17:42:05.829"/>
</kw>
<status status="PASS" starttime="20231114 17:42:05.828" endtime="20231114 17:42:05.829"/>
</kw>
<kw name="Output Should Contain" library="AppLibrary">
<arg>New user registered</arg>
<status status="PASS" starttime="20231114 17:42:05.829" endtime="20231114 17:42:05.829"/>
</kw>
<status status="PASS" starttime="20231114 17:42:05.828" endtime="20231114 17:42:05.829"/>
</test>
<test id="s1-s2-t2" name="Register With Already Taken Username And Valid Password" line="10">
<kw name="Input New Command And Crete User" type="SETUP">
<kw name="Create User" library="AppLibrary">
<arg>kalle</arg>
<arg>kalle123</arg>
<status status="PASS" starttime="20231114 17:42:05.829" endtime="20231114 17:42:05.830"/>
</kw>
<kw name="Input New Command" library="resource">
<kw name="Input" library="AppLibrary">
<arg>new</arg>
<status status="PASS" starttime="20231114 17:42:05.830" endtime="20231114 17:42:05.830"/>
</kw>
<status status="PASS" starttime="20231114 17:42:05.830" endtime="20231114 17:42:05.830"/>
</kw>
<status status="PASS" starttime="20231114 17:42:05.829" endtime="20231114 17:42:05.830"/>
</kw>
<kw name="Input Credentials" library="resource">
<arg>kalle</arg>
<arg>testisalasana1</arg>
<kw name="Input" library="AppLibrary">
<arg>${username}</arg>
<status status="PASS" starttime="20231114 17:42:05.830" endtime="20231114 17:42:05.830"/>
</kw>
<kw name="Input" library="AppLibrary">
<arg>${password}</arg>
<status status="PASS" starttime="20231114 17:42:05.830" endtime="20231114 17:42:05.830"/>
</kw>
<kw name="Run Application" library="AppLibrary">
<status status="PASS" starttime="20231114 17:42:05.830" endtime="20231114 17:42:05.830"/>
</kw>
<status status="PASS" starttime="20231114 17:42:05.830" endtime="20231114 17:42:05.830"/>
</kw>
<kw name="Output Should Contain" library="AppLibrary">
<arg>User with username kalle already exists</arg>
<status status="PASS" starttime="20231114 17:42:05.830" endtime="20231114 17:42:05.831"/>
</kw>
<status status="PASS" starttime="20231114 17:42:05.829" endtime="20231114 17:42:05.831"/>
</test>
<test id="s1-s2-t3" name="Register With Too Short Username And Valid Password" line="14">
<kw name="Input New Command And Crete User" type="SETUP">
<kw name="Create User" library="AppLibrary">
<arg>kalle</arg>
<arg>kalle123</arg>
<status status="PASS" starttime="20231114 17:42:05.831" endtime="20231114 17:42:05.831"/>
</kw>
<kw name="Input New Command" library="resource">
<kw name="Input" library="AppLibrary">
<arg>new</arg>
<status status="PASS" starttime="20231114 17:42:05.831" endtime="20231114 17:42:05.831"/>
</kw>
<status status="PASS" starttime="20231114 17:42:05.831" endtime="20231114 17:42:05.831"/>
</kw>
<status status="PASS" starttime="20231114 17:42:05.831" endtime="20231114 17:42:05.832"/>
</kw>
<kw name="Input Credentials" library="resource">
<arg>ll</arg>
<arg>testisalasana1</arg>
<kw name="Input" library="AppLibrary">
<arg>${username}</arg>
<status status="PASS" starttime="20231114 17:42:05.832" endtime="20231114 17:42:05.832"/>
</kw>
<kw name="Input" library="AppLibrary">
<arg>${password}</arg>
<status status="PASS" starttime="20231114 17:42:05.832" endtime="20231114 17:42:05.832"/>
</kw>
<kw name="Run Application" library="AppLibrary">
<status status="PASS" starttime="20231114 17:42:05.832" endtime="20231114 17:42:05.832"/>
</kw>
<status status="PASS" starttime="20231114 17:42:05.832" endtime="20231114 17:42:05.832"/>
</kw>
<kw name="Output Should Contain" library="AppLibrary">
<arg>Username is too short</arg>
<status status="PASS" starttime="20231114 17:42:05.832" endtime="20231114 17:42:05.832"/>
</kw>
<status status="PASS" starttime="20231114 17:42:05.831" endtime="20231114 17:42:05.832"/>
</test>
<test id="s1-s2-t4" name="Register With Enough Long But Invald Username And Valid Password" line="18">
<kw name="Input New Command And Crete User" type="SETUP">
<kw name="Create User" library="AppLibrary">
<arg>kalle</arg>
<arg>kalle123</arg>
<status status="PASS" starttime="20231114 17:42:05.833" endtime="20231114 17:42:05.833"/>
</kw>
<kw name="Input New Command" library="resource">
<kw name="Input" library="AppLibrary">
<arg>new</arg>
<status status="PASS" starttime="20231114 17:42:05.833" endtime="20231114 17:42:05.833"/>
</kw>
<status status="PASS" starttime="20231114 17:42:05.833" endtime="20231114 17:42:05.833"/>
</kw>
<status status="PASS" starttime="20231114 17:42:05.833" endtime="20231114 17:42:05.833"/>
</kw>
<kw name="Input Credentials" library="resource">
<arg>testi1</arg>
<arg>testisalasana1</arg>
<kw name="Input" library="AppLibrary">
<arg>${username}</arg>
<status status="PASS" starttime="20231114 17:42:05.833" endtime="20231114 17:42:05.833"/>
</kw>
<kw name="Input" library="AppLibrary">
<arg>${password}</arg>
<status status="PASS" starttime="20231114 17:42:05.833" endtime="20231114 17:42:05.833"/>
</kw>
<kw name="Run Application" library="AppLibrary">
<status status="PASS" starttime="20231114 17:42:05.833" endtime="20231114 17:42:05.834"/>
</kw>
<status status="PASS" starttime="20231114 17:42:05.833" endtime="20231114 17:42:05.834"/>
</kw>
<kw name="Output Should Contain" library="AppLibrary">
<arg>Username is invalid</arg>
<status status="PASS" starttime="20231114 17:42:05.834" endtime="20231114 17:42:05.834"/>
</kw>
<status status="PASS" starttime="20231114 17:42:05.832" endtime="20231114 17:42:05.834"/>
</test>
<test id="s1-s2-t5" name="Register With Valid Username And Too Short Password" line="22">
<kw name="Input New Command And Crete User" type="SETUP">
<kw name="Create User" library="AppLibrary">
<arg>kalle</arg>
<arg>kalle123</arg>
<status status="PASS" starttime="20231114 17:42:05.834" endtime="20231114 17:42:05.834"/>
</kw>
<kw name="Input New Command" library="resource">
<kw name="Input" library="AppLibrary">
<arg>new</arg>
<status status="PASS" starttime="20231114 17:42:05.834" endtime="20231114 17:42:05.834"/>
</kw>
<status status="PASS" starttime="20231114 17:42:05.834" endtime="20231114 17:42:05.834"/>
</kw>
<status status="PASS" starttime="20231114 17:42:05.834" endtime="20231114 17:42:05.835"/>
</kw>
<kw name="Input Credentials" library="resource">
<arg>testi</arg>
<arg>testi12</arg>
<kw name="Input" library="AppLibrary">
<arg>${username}</arg>
<status status="PASS" starttime="20231114 17:42:05.835" endtime="20231114 17:42:05.835"/>
</kw>
<kw name="Input" library="AppLibrary">
<arg>${password}</arg>
<status status="PASS" starttime="20231114 17:42:05.835" endtime="20231114 17:42:05.835"/>
</kw>
<kw name="Run Application" library="AppLibrary">
<status status="PASS" starttime="20231114 17:42:05.835" endtime="20231114 17:42:05.835"/>
</kw>
<status status="PASS" starttime="20231114 17:42:05.835" endtime="20231114 17:42:05.835"/>
</kw>
<kw name="Output Should Contain" library="AppLibrary">
<arg>Password is too short</arg>
<status status="PASS" starttime="20231114 17:42:05.835" endtime="20231114 17:42:05.835"/>
</kw>
<status status="PASS" starttime="20231114 17:42:05.834" endtime="20231114 17:42:05.835"/>
</test>
<test id="s1-s2-t6" name="Register With Valid Username And Long Enough Password Containing Only Letters" line="26">
<kw name="Input New Command And Crete User" type="SETUP">
<kw name="Create User" library="AppLibrary">
<arg>kalle</arg>
<arg>kalle123</arg>
<status status="PASS" starttime="20231114 17:42:05.836" endtime="20231114 17:42:05.836"/>
</kw>
<kw name="Input New Command" library="resource">
<kw name="Input" library="AppLibrary">
<arg>new</arg>
<status status="PASS" starttime="20231114 17:42:05.836" endtime="20231114 17:42:05.836"/>
</kw>
<status status="PASS" starttime="20231114 17:42:05.836" endtime="20231114 17:42:05.836"/>
</kw>
<status status="PASS" starttime="20231114 17:42:05.836" endtime="20231114 17:42:05.836"/>
</kw>
<kw name="Input Credentials" library="resource">
<arg>testi</arg>
<arg>testisalasana</arg>
<kw name="Input" library="AppLibrary">
<arg>${username}</arg>
<status status="PASS" starttime="20231114 17:42:05.836" endtime="20231114 17:42:05.836"/>
</kw>
<kw name="Input" library="AppLibrary">
<arg>${password}</arg>
<status status="PASS" starttime="20231114 17:42:05.837" endtime="20231114 17:42:05.837"/>
</kw>
<kw name="Run Application" library="AppLibrary">
<status status="PASS" starttime="20231114 17:42:05.837" endtime="20231114 17:42:05.837"/>
</kw>
<status status="PASS" starttime="20231114 17:42:05.836" endtime="20231114 17:42:05.837"/>
</kw>
<kw name="Output Should Contain" library="AppLibrary">
<arg>Password is invalid</arg>
<status status="PASS" starttime="20231114 17:42:05.837" endtime="20231114 17:42:05.837"/>
</kw>
<status status="PASS" starttime="20231114 17:42:05.835" endtime="20231114 17:42:05.837"/>
</test>
<status status="PASS" starttime="20231114 17:42:05.826" endtime="20231114 17:42:05.837"/>
</suite>
<status status="PASS" starttime="20231114 17:42:05.808" endtime="20231114 17:42:05.837"/>
</suite>
<statistics>
<total>
<stat pass="9" fail="0" skip="0">All Tests</stat>
</total>
<tag>
</tag>
<suite>
<stat pass="9" fail="0" skip="0" id="s1" name="Tests">Tests</stat>
<stat pass="3" fail="0" skip="0" id="s1-s1" name="Login">Tests.Login</stat>
<stat pass="6" fail="0" skip="0" id="s1-s2" name="Register">Tests.Register</stat>
</suite>
</statistics>
<errors>
</errors>
</robot>
